  UserControler.cpp
f:\cod\filesystem\filesystem\usercontroler.cpp(9): error C2166: левостороннее значение указывает на объект-константу (const)
f:\cod\filesystem\filesystem\usercontroler.cpp(46): error C2059: синтаксическая ошибка: return
f:\cod\filesystem\filesystem\usercontroler.cpp(49): error C2039: user: не является членом "User"
  f:\cod\filesystem\filesystem\user.hpp(7): note:  см. объявление "User"
f:\cod\filesystem\filesystem\usercontroler.cpp(49): error C2275: User: недопустимое использование этого типа в качестве выражения
f:\cod\filesystem\filesystem\usercontroler.cpp(49): error C2761: bool UserControler::remove(User *): повторное объявление функции не разрешается
f:\cod\filesystem\filesystem\usercontroler.cpp(50): error C2448: UserControler::remove: вероятно, инициализатор, использующий стиль функции, является определением функции
f:\cod\filesystem\filesystem\usercontroler.cpp(55): error C2143: синтаксическая ошибка: отсутствие ";" перед "*"
f:\cod\filesystem\filesystem\usercontroler.cpp(55): error C4430: отсутствует спецификатор типа - предполагается int. Примечание. C++ не поддерживает int по умолчанию
f:\cod\filesystem\filesystem\usercontroler.cpp(55): error C2039: user: не является членом "User"
  f:\cod\filesystem\filesystem\user.hpp(7): note:  см. объявление "User"
f:\cod\filesystem\filesystem\usercontroler.cpp(55): error C2275: User: недопустимое использование этого типа в качестве выражения
f:\cod\filesystem\filesystem\usercontroler.cpp(55): error C2059: синтаксическая ошибка: const
f:\cod\filesystem\filesystem\usercontroler.cpp(56): error C2143: синтаксическая ошибка: отсутствие ";" перед "{"
f:\cod\filesystem\filesystem\usercontroler.cpp(56): error C2447: {: отсутствует заголовок функции (возможно, используется формальный список старого типа)
f:\cod\filesystem\filesystem\usercontroler.cpp(61): error C2143: синтаксическая ошибка: отсутствие ";" перед "*"
f:\cod\filesystem\filesystem\usercontroler.cpp(61): error C4430: отсутствует спецификатор типа - предполагается int. Примечание. C++ не поддерживает int по умолчанию
f:\cod\filesystem\filesystem\usercontroler.cpp(61): error C2086: int User: переопределение
  f:\cod\filesystem\filesystem\usercontroler.cpp(55): note:  см. объявление "User"
f:\cod\filesystem\filesystem\usercontroler.cpp(61): error C2039: user: не является членом "User"
  f:\cod\filesystem\filesystem\user.hpp(7): note:  см. объявление "User"
f:\cod\filesystem\filesystem\usercontroler.cpp(61): error C2275: User: недопустимое использование этого типа в качестве выражения
f:\cod\filesystem\filesystem\usercontroler.cpp(61): error C2059: синтаксическая ошибка: const
f:\cod\filesystem\filesystem\usercontroler.cpp(62): error C2143: синтаксическая ошибка: отсутствие ";" перед "{"
f:\cod\filesystem\filesystem\usercontroler.cpp(62): error C2447: {: отсутствует заголовок функции (возможно, используется формальный список старого типа)
f:\cod\filesystem\filesystem\usercontroler.cpp(67): error C2143: синтаксическая ошибка: отсутствие ";" перед "*"
f:\cod\filesystem\filesystem\usercontroler.cpp(67): error C4430: отсутствует спецификатор типа - предполагается int. Примечание. C++ не поддерживает int по умолчанию
f:\cod\filesystem\filesystem\usercontroler.cpp(67): error C2086: int User: переопределение
  f:\cod\filesystem\filesystem\usercontroler.cpp(55): note:  см. объявление "User"
f:\cod\filesystem\filesystem\usercontroler.cpp(67): error C2039: user: не является членом "User"
  f:\cod\filesystem\filesystem\user.hpp(7): note:  см. объявление "User"
f:\cod\filesystem\filesystem\usercontroler.cpp(67): error C2275: User: недопустимое использование этого типа в качестве выражения
f:\cod\filesystem\filesystem\usercontroler.cpp(67): error C2761: User *UserControler::changeNickname(User *): повторное объявление функции не разрешается
f:\cod\filesystem\filesystem\usercontroler.cpp(68): error C2448: UserControler::changeNickname: вероятно, инициализатор, использующий стиль функции, является определением функции
f:\cod\filesystem\filesystem\usercontroler.cpp(73): error C2143: синтаксическая ошибка: отсутствие ";" перед "*"
f:\cod\filesystem\filesystem\usercontroler.cpp(73): error C4430: отсутствует спецификатор типа - предполагается int. Примечание. C++ не поддерживает int по умолчанию
f:\cod\filesystem\filesystem\usercontroler.cpp(73): error C2086: int User: переопределение
  f:\cod\filesystem\filesystem\usercontroler.cpp(55): note:  см. объявление "User"
f:\cod\filesystem\filesystem\usercontroler.cpp(73): error C2039: user: не является членом "User"
  f:\cod\filesystem\filesystem\user.hpp(7): note:  см. объявление "User"
f:\cod\filesystem\filesystem\usercontroler.cpp(73): error C2275: User: недопустимое использование этого типа в качестве выражения
f:\cod\filesystem\filesystem\usercontroler.cpp(73): error C2761: User *UserControler::changePassword(User *): повторное объявление функции не разрешается
f:\cod\filesystem\filesystem\usercontroler.cpp(74): error C2448: UserControler::changePassword: вероятно, инициализатор, использующий стиль функции, является определением функции
f:\cod\filesystem\filesystem\usercontroler.cpp(79): error C2143: синтаксическая ошибка: отсутствие ";" перед "*"
f:\cod\filesystem\filesystem\usercontroler.cpp(79): error C4430: отсутствует спецификатор типа - предполагается int. Примечание. C++ не поддерживает int по умолчанию
f:\cod\filesystem\filesystem\usercontroler.cpp(79): error C2039: user: не является членом "User"
  f:\cod\filesystem\filesystem\user.hpp(7): note:  см. объявление "User"
f:\cod\filesystem\filesystem\usercontroler.cpp(79): error C2275: User: недопустимое использование этого типа в качестве выражения
f:\cod\filesystem\filesystem\usercontroler.cpp(79): error C2761: DirectoryControler *UserControler::controlerFor(User *): повторное объявление функции не разрешается
f:\cod\filesystem\filesystem\usercontroler.cpp(80): error C2448: UserControler::controlerFor: вероятно, инициализатор, использующий стиль функции, является определением функции
  User.cpp
f:\cod\filesystem\filesystem\user.cpp(88): error C3867: "User::getFirstName": нестандартный синтаксис; используйте "&", чтобы создать указатель на член
f:\cod\filesystem\filesystem\user.cpp(88): error C2679: бинарный "<": не найден оператор, принимающий правый операнд типа "overloaded-function" (или приемлемое преобразование отсутствует)
  c:\program files (x86)\microsoft visual studio 14.0\vc\include\system_error(427): note: может быть "bool std::operator <(const std::error_code &,const std::error_code &) noexcept" [найдено при поиске с зависимостью от аргументов]
  c:\program files (x86)\microsoft visual studio 14.0\vc\include\system_error(436): note: или       "bool std::operator <(const std::error_condition &,const std::error_condition &) noexcept" [найдено при поиске с зависимостью от аргументов]
  c:\program files (x86)\microsoft visual studio 14.0\vc\include\xstring(2516): note: или       "bool std::operator <<char,std::char_traits<char>,std::allocator<char>>(const std::basic_string<char,std::char_traits<char>,std::allocator<char>> &,const std::basic_string<char,std::char_traits<char>,std::allocator<char>> &) noexcept"
  f:\cod\filesystem\filesystem\user.cpp(88): note: при попытке сопоставить список аргументов "(std::string, overloaded-function)"
  FileSystem.cpp
  DocumentControler.cpp
  DirectoryControler.cpp
  Создание кода...
f:\cod\filesystem\filesystem\directorycontroler.cpp(22): error C4700: использована неинициализированная локальная переменная "newDirectory"
f:\cod\filesystem\filesystem\documentcontroler.cpp(17): error C4700: использована неинициализированная локальная переменная "doc"
  Компиляция...
  Directory.cpp
  Создание кода...
